<?xml version="1.0" encoding="UTF-8"?>
<!-- Generated by org.testng.reporters.JUnitReportReporter -->
<testsuite hostname="LAPTOP-E195DL4B" name="TestCases.Sample5Test" tests="2" failures="0" timestamp="9 Apr 2020 03:03:56 GMT" time="0.003" errors="0">
  <testcase name="hangouts" time="0.001" classname="TestCases.Sample5Test"/>
  <testcase name="facebook" time="0.002" classname="TestCases.Sample5Test"/>
</testsuite> <!-- TestCases.Sample5Test -->
