<?xml version="1.0" encoding="UTF-8"?>
<!-- Generated by org.testng.reporters.JUnitReportReporter -->
<testsuite hostname="LAPTOP-E195DL4B" name="TestCases.AttributesTest" tests="6" failures="0" timestamp="9 Apr 2020 03:03:56 GMT" time="0.034" errors="0">
  <testcase name="two" time="0.003" classname="TestCases.AttributesTest"/>
  <testcase name="three" time="0.013" classname="TestCases.AttributesTest"/>
  <testcase name="one" time="0.002" classname="TestCases.AttributesTest"/>
  <testcase name="three" time="0.001" classname="TestCases.AttributesTest"/>
  <testcase name="four" time="0.002" classname="TestCases.AttributesTest"/>
  <testcase name="three" time="0.013" classname="TestCases.AttributesTest"/>
</testsuite> <!-- TestCases.AttributesTest -->
