<?xml version="1.0" encoding="UTF-8"?>
<!-- Generated by org.testng.reporters.JUnitReportReporter -->
<testsuite hostname="LAPTOP-E195DL4B" name="TestCases.Sample3Test" tests="2" failures="0" timestamp="6 Apr 2020 02:52:12 GMT" time="0.009" errors="0">
  <testcase name="chennai" time="0.001" classname="TestCases.Sample3Test"/>
  <testcase name="chengalpattu" time="0.008" classname="TestCases.Sample3Test"/>
</testsuite> <!-- TestCases.Sample3Test -->
