<?xml version="1.0" encoding="UTF-8"?>
<!-- Generated by org.testng.reporters.JUnitReportReporter -->
<testsuite hostname="LAPTOP-E195DL4B" name="TestCases.Sample2Test" tests="3" failures="0" timestamp="9 Apr 2020 03:03:56 GMT" time="0.004" errors="0">
  <testcase name="deva" time="0.001" classname="TestCases.Sample2Test"/>
  <testcase name="jai" time="0.001" classname="TestCases.Sample2Test"/>
  <testcase name="jack" time="0.002" classname="TestCases.Sample2Test"/>
</testsuite> <!-- TestCases.Sample2Test -->
