<?xml version="1.0" encoding="UTF-8"?>
<!-- Generated by org.testng.reporters.JUnitReportReporter -->
<testsuite hostname="LAPTOP-E195DL4B" name="TestCases.Sample1Test" tests="1" failures="0" timestamp="6 Apr 2020 08:54:40 GMT" time="7.374" errors="0">
  <testcase name="apple" time="7.374" classname="TestCases.Sample1Test"/>
</testsuite> <!-- TestCases.Sample1Test -->
