<?xml version="1.0" encoding="UTF-8"?>
<!-- Generated by org.testng.reporters.JUnitReportReporter -->
<testsuite hostname="LAPTOP-E195DL4B" name="TestCases.IhgTest" tests="1" failures="0" timestamp="6 Apr 2020 08:46:37 GMT" time="9.979" errors="0">
  <testcase name="methods1" time="9.979" classname="TestCases.IhgTest"/>
</testsuite> <!-- TestCases.IhgTest -->
