<?xml version="1.0" encoding="UTF-8"?>
<!-- Generated by org.testng.reporters.JUnitReportReporter -->
<testsuite hostname="LAPTOP-E195DL4B" name="TestCases.IhgTest" tests="1" failures="0" timestamp="9 Apr 2020 03:03:56 GMT" time="7.604" errors="0">
  <testcase name="methods1" time="7.604" classname="TestCases.IhgTest"/>
</testsuite> <!-- TestCases.IhgTest -->
