<?xml version="1.0" encoding="UTF-8"?>
<!-- Generated by org.testng.reporters.JUnitReportReporter -->
<testsuite hostname="LAPTOP-E195DL4B" name="TestCases.AttributesTest" tests="1" failures="0" timestamp="6 Apr 2020 02:56:55 GMT" time="0.007" errors="0">
  <testcase name="four" time="0.007" classname="TestCases.AttributesTest"/>
</testsuite> <!-- TestCases.AttributesTest -->
