<?xml version="1.0" encoding="UTF-8"?>
<!-- Generated by org.testng.reporters.JUnitReportReporter -->
<testsuite hostname="LAPTOP-E195DL4B" name="TestCases.Sample3Test" tests="3" failures="0" timestamp="9 Apr 2020 03:03:56 GMT" time="0.005" errors="0">
  <testcase name="bangalore" time="0.002" classname="TestCases.Sample3Test"/>
  <testcase name="chennai" time="0.002" classname="TestCases.Sample3Test"/>
  <testcase name="chengalpattu" time="0.001" classname="TestCases.Sample3Test"/>
</testsuite> <!-- TestCases.Sample3Test -->
