<?xml version="1.0" encoding="UTF-8"?>
<!-- Generated by org.testng.reporters.JUnitReportReporter -->
<testsuite hostname="LAPTOP-E195DL4B" name="TestCases.Sample1Test" tests="1" failures="0" timestamp="9 Apr 2020 03:03:56 GMT" time="5.760" errors="0">
  <testcase name="apple" time="5.760" classname="TestCases.Sample1Test"/>
</testsuite> <!-- TestCases.Sample1Test -->
