<?xml version="1.0" encoding="UTF-8"?>
<!-- Generated by org.testng.reporters.JUnitReportReporter -->
<testsuite hostname="LAPTOP-E195DL4B" name="scripts.SampleTest" tests="1" failures="0" timestamp="1 Apr 2020 05:12:28 GMT" time="0.002" errors="0">
  <testcase name="apple" time="0.002" classname="scripts.SampleTest"/>
</testsuite> <!-- scripts.SampleTest -->
