<?xml version="1.0" encoding="UTF-8"?>
<!-- Generated by org.testng.reporters.JUnitReportReporter -->
<testsuite hostname="LAPTOP-E195DL4B" name="TestCases.Sample4Test" tests="3" failures="0" timestamp="9 Apr 2020 03:03:56 GMT" time="0.003" errors="0">
  <testcase name="inbox" time="0.001" classname="TestCases.Sample4Test"/>
  <testcase name="mail" time="0.001" classname="TestCases.Sample4Test"/>
  <testcase name="sentbox" time="0.001" classname="TestCases.Sample4Test"/>
</testsuite> <!-- TestCases.Sample4Test -->
