<?xml version="1.0" encoding="UTF-8"?>
<!-- Generated by org.testng.reporters.JUnitReportReporter -->
<testsuite hostname="LAPTOP-E195DL4B" name="TestCases.Sample2Test" tests="2" failures="0" timestamp="7 Apr 2020 02:21:52 GMT" time="0.000" errors="0">
  <testcase name="jai" time="0.000" classname="TestCases.Sample2Test"/>
  <testcase name="deva" time="0.000" classname="TestCases.Sample2Test"/>
</testsuite> <!-- TestCases.Sample2Test -->
