<?xml version="1.0" encoding="UTF-8"?>
<!-- Generated by org.testng.reporters.JUnitReportReporter -->
<testsuite hostname="LAPTOP-E195DL4B" name="TestCases.Sample1Test" tests="1" failures="0" timestamp="7 Apr 2020 02:21:52 GMT" time="6.228" errors="0">
  <testcase name="apple" time="6.228" classname="TestCases.Sample1Test"/>
</testsuite> <!-- TestCases.Sample1Test -->
